<?xml version="1.0" encoding="UTF-8"?>
<!-- Generated by org.testng.reporters.JUnitReportReporter -->
<testsuite hostname="Vidhans-MacBook-Pro-2.local" name="com.browserstack.ReadJsonFile" tests="1" failures="0" timestamp="6 May 2017 08:03:57 GMT" time="0.024" errors="0">
  <testcase name="readJson" time="0.024" classname="com.browserstack.ReadJsonFile"/>
</testsuite> <!-- com.browserstack.ReadJsonFile -->
